2022-10-24 17:30:28,315 rj_jxy INFO conftest.py [第21行] **********开始连接/启动设备**********
2022-10-24 17:30:28,701 rj_jxy INFO conftest.py [第28行] **********连接/启动设备正常**********
2022-10-24 17:30:33,253 rj_jxy INFO basepage.py [第17行] 开始寻找图片：E:\Git\rjjxy\Picture\resources\我的资源.png
2022-10-24 17:30:33,253 rj_jxy INFO basepage.py [第23行] Template(E:\Git\rjjxy\Picture\resources\我的资源.png)图片存在
2022-10-24 17:30:36,381 rj_jxy INFO basepage.py [第29行] 开始点击图片：E:\Git\rjjxy\Picture\resources\我的资源.png
2022-10-24 17:30:38,395 rj_jxy INFO basepage.py [第17行] 开始寻找图片：E:\Git\rjjxy\Picture\resources\导入.png
2022-10-24 17:30:38,396 rj_jxy INFO basepage.py [第23行] Template(E:\Git\rjjxy\Picture\resources\导入.png)图片存在
2022-10-24 17:30:39,551 rj_jxy INFO basepage.py [第29行] 开始点击图片：E:\Git\rjjxy\Picture\resources\导入.png
2022-10-24 17:30:41,562 rj_jxy INFO basepage.py [第17行] 开始寻找图片：E:\Git\rjjxy\Picture\resources\下拉框.png
2022-10-24 17:30:41,562 rj_jxy INFO basepage.py [第23行] Template(E:\Git\rjjxy\Picture\resources\下拉框.png)图片存在
2022-10-24 17:30:42,708 rj_jxy INFO basepage.py [第29行] 开始点击图片：E:\Git\rjjxy\Picture\resources\下拉框.png
2022-10-24 17:30:44,710 rj_jxy INFO basepage.py [第17行] 开始寻找图片：E:\Git\rjjxy\Picture\resources\路径.png
2022-10-24 17:30:44,710 rj_jxy INFO basepage.py [第23行] Template(E:\Git\rjjxy\Picture\resources\路径.png)图片存在
2022-10-24 17:30:45,856 rj_jxy INFO basepage.py [第29行] 开始点击图片：E:\Git\rjjxy\Picture\resources\路径.png
2022-10-24 17:30:49,336 rj_jxy INFO basepage.py [第37行] 输入text值为: E:\Git\rjjxy\Resources
2022-10-24 17:30:53,407 rj_jxy INFO basepage.py [第17行] 开始寻找图片：E:\Git\rjjxy\Picture\resources\输入文件名.png
2022-10-24 17:30:53,407 rj_jxy INFO basepage.py [第23行] Template(E:\Git\rjjxy\Picture\resources\输入文件名.png)图片存在
2022-10-24 17:30:54,566 rj_jxy INFO basepage.py [第29行] 开始点击图片：E:\Git\rjjxy\Picture\resources\输入文件名.png
2022-10-24 17:30:56,571 rj_jxy INFO basepage.py [第17行] 开始寻找图片：E:\Git\rjjxy\Picture\resources\输入文件名.png
2022-10-24 17:30:56,571 rj_jxy INFO basepage.py [第23行] Template(E:\Git\rjjxy\Picture\resources\输入文件名.png)图片存在
2022-10-24 17:30:57,736 rj_jxy INFO basepage.py [第29行] 开始点击图片：E:\Git\rjjxy\Picture\resources\输入文件名.png
2022-10-24 17:30:58,212 rj_jxy INFO basepage.py [第37行] 输入text值为: 音频.mp3
2022-10-24 17:31:00,227 rj_jxy INFO basepage.py [第17行] 开始寻找图片：E:\Git\rjjxy\Picture\resources\打开.png
2022-10-24 17:31:00,227 rj_jxy INFO basepage.py [第23行] Template(E:\Git\rjjxy\Picture\resources\打开.png)图片存在
2022-10-24 17:31:01,363 rj_jxy INFO basepage.py [第29行] 开始点击图片：E:\Git\rjjxy\Picture\resources\打开.png
2022-10-24 17:31:04,371 rj_jxy INFO basepage.py [第17行] 开始寻找图片：E:\Git\rjjxy\Picture\resources\音频.png
2022-10-24 17:31:04,371 rj_jxy INFO basepage.py [第23行] Template(E:\Git\rjjxy\Picture\resources\音频.png)图片存在
2022-10-24 17:31:04,524 rj_jxy INFO basepage.py [第48行] 断言成功，断言的图片为：E:\Git\rjjxy\Picture\resources\音频.png
