2022-10-24 17:22:59,665 rj_jxy INFO conftest.py [第21行] **********开始连接/启动设备**********
2022-10-24 17:23:00,067 rj_jxy INFO conftest.py [第28行] **********连接/启动设备正常**********
2022-10-24 17:23:00,068 rj_jxy INFO basepage.py [第17行] 开始寻找图片：E:\Git\rjjxy\Picture\login\输入用户名.png
2022-10-24 17:23:00,068 rj_jxy INFO basepage.py [第23行] Template(E:\Git\rjjxy\Picture\login\输入用户名.png)图片存在
2022-10-24 17:23:03,269 rj_jxy INFO basepage.py [第29行] 开始点击图片：E:\Git\rjjxy\Picture\login\输入用户名.png
2022-10-24 17:23:03,400 rj_jxy INFO basepage.py [第17行] 开始寻找图片：E:\Git\rjjxy\Picture\login\清空用户名.png
2022-10-24 17:23:03,401 rj_jxy INFO basepage.py [第23行] Template(E:\Git\rjjxy\Picture\login\清空用户名.png)图片存在
2022-10-24 17:23:03,766 rj_jxy INFO basepage.py [第56行] 双击清除图片为：E:\Git\rjjxy\Picture\login\清空用户名.png
2022-10-24 17:23:04,550 rj_jxy INFO basepage.py [第37行] 输入text值为: 18377560722
2022-10-24 17:23:04,550 rj_jxy INFO basepage.py [第17行] 开始寻找图片：E:\Git\rjjxy\Picture\login\输入密码.png
2022-10-24 17:23:04,550 rj_jxy INFO basepage.py [第23行] Template(E:\Git\rjjxy\Picture\login\输入密码.png)图片存在
2022-10-24 17:23:05,714 rj_jxy INFO basepage.py [第29行] 开始点击图片：E:\Git\rjjxy\Picture\login\输入密码.png
2022-10-24 17:23:05,846 rj_jxy INFO basepage.py [第17行] 开始寻找图片：E:\Git\rjjxy\Picture\login\清空密码.png
2022-10-24 17:23:05,846 rj_jxy INFO basepage.py [第23行] Template(E:\Git\rjjxy\Picture\login\清空密码.png)图片存在
2022-10-24 17:23:06,213 rj_jxy INFO basepage.py [第56行] 双击清除图片为：E:\Git\rjjxy\Picture\login\清空密码.png
2022-10-24 17:23:06,808 rj_jxy INFO basepage.py [第37行] 输入text值为: Test@321
2022-10-24 17:23:19,410 rj_jxy INFO basepage.py [第17行] 开始寻找图片：E:\Git\rjjxy\Picture\login\登录.png
2022-10-24 17:23:19,410 rj_jxy INFO basepage.py [第23行] Template(E:\Git\rjjxy\Picture\login\登录.png)图片存在
2022-10-24 17:23:20,577 rj_jxy INFO basepage.py [第29行] 开始点击图片：E:\Git\rjjxy\Picture\login\登录.png
2022-10-24 17:23:20,578 rj_jxy INFO basepage.py [第17行] 开始寻找图片：E:\Git\rjjxy\Picture\login\首页logo.png
2022-10-24 17:23:20,578 rj_jxy INFO basepage.py [第23行] Template(E:\Git\rjjxy\Picture\login\首页logo.png)图片存在
2022-10-24 17:23:22,414 rj_jxy INFO basepage.py [第48行] 断言成功，断言的图片为：E:\Git\rjjxy\Picture\login\首页logo.png
2022-10-24 17:23:22,414 rj_jxy INFO basepage.py [第17行] 开始寻找图片：E:\Git\rjjxy\Picture\login\关闭窗口.png
2022-10-24 17:23:22,415 rj_jxy INFO basepage.py [第23行] Template(E:\Git\rjjxy\Picture\login\关闭窗口.png)图片存在
2022-10-24 17:23:23,212 rj_jxy INFO basepage.py [第29行] 开始点击图片：E:\Git\rjjxy\Picture\login\关闭窗口.png
2022-10-24 17:23:23,212 rj_jxy INFO basepage.py [第17行] 开始寻找图片：E:\Git\rjjxy\Picture\login\确定关闭.png
2022-10-24 17:23:23,212 rj_jxy INFO basepage.py [第23行] Template(E:\Git\rjjxy\Picture\login\确定关闭.png)图片存在
2022-10-24 17:23:23,966 rj_jxy INFO basepage.py [第29行] 开始点击图片：E:\Git\rjjxy\Picture\login\确定关闭.png
