2022-10-24 13:58:52,774 rj_jxy INFO conftest.py [第21行] **********开始连接/启动设备**********
2022-10-24 13:58:53,048 rj_jxy INFO conftest.py [第28行] **********连接/启动设备正常**********
2022-10-24 13:58:53,049 rj_jxy INFO basepage.py [第17行] 开始寻找图片：E:\Git\rjjxy\Picture\login\输入用户名.png
2022-10-24 13:58:53,049 rj_jxy INFO basepage.py [第23行] Template(E:\Git\rjjxy\Picture\login\输入用户名.png)图片存在
2022-10-24 13:58:56,096 rj_jxy INFO basepage.py [第29行] 开始点击图片：E:\Git\rjjxy\Picture\login\输入用户名.png
2022-10-24 13:58:56,369 rj_jxy INFO basepage.py [第17行] 开始寻找图片：E:\Git\rjjxy\Picture\login\清空用户名.png
2022-10-24 13:58:56,374 rj_jxy INFO basepage.py [第23行] Template(E:\Git\rjjxy\Picture\login\清空用户名.png)图片存在
2022-10-24 13:58:56,736 rj_jxy INFO basepage.py [第56行] 双击清除图片为：E:\Git\rjjxy\Picture\login\清空用户名.png
2022-10-24 13:58:57,525 rj_jxy INFO basepage.py [第37行] 输入text值为: 18377560722
2022-10-24 13:58:57,525 rj_jxy INFO basepage.py [第17行] 开始寻找图片：E:\Git\rjjxy\Picture\login\输入密码.png
2022-10-24 13:58:57,525 rj_jxy INFO basepage.py [第23行] Template(E:\Git\rjjxy\Picture\login\输入密码.png)图片存在
2022-10-24 13:58:58,663 rj_jxy INFO basepage.py [第29行] 开始点击图片：E:\Git\rjjxy\Picture\login\输入密码.png
2022-10-24 13:58:58,804 rj_jxy INFO basepage.py [第17行] 开始寻找图片：E:\Git\rjjxy\Picture\login\清空密码.png
2022-10-24 13:58:58,804 rj_jxy INFO basepage.py [第23行] Template(E:\Git\rjjxy\Picture\login\清空密码.png)图片存在
2022-10-24 13:58:59,153 rj_jxy INFO basepage.py [第56行] 双击清除图片为：E:\Git\rjjxy\Picture\login\清空密码.png
2022-10-24 13:58:59,758 rj_jxy INFO basepage.py [第37行] 输入text值为: Test@321
2022-10-24 13:59:12,300 rj_jxy INFO basepage.py [第17行] 开始寻找图片：E:\Git\rjjxy\Picture\login\登录.png
2022-10-24 13:59:12,300 rj_jxy INFO basepage.py [第23行] Template(E:\Git\rjjxy\Picture\login\登录.png)图片存在
2022-10-24 13:59:13,448 rj_jxy INFO basepage.py [第29行] 开始点击图片：E:\Git\rjjxy\Picture\login\登录.png
2022-10-24 13:59:13,448 rj_jxy INFO basepage.py [第17行] 开始寻找图片：E:\Git\rjjxy\Picture\login\首页logo.png
2022-10-24 13:59:13,448 rj_jxy INFO basepage.py [第23行] Template(E:\Git\rjjxy\Picture\login\首页logo.png)图片存在
2022-10-24 13:59:14,091 rj_jxy INFO basepage.py [第48行] 断言成功，断言的图片为：E:\Git\rjjxy\Picture\login\首页logo.png
2022-10-24 13:59:14,091 rj_jxy INFO basepage.py [第17行] 开始寻找图片：E:\Git\rjjxy\Picture\login\关闭窗口.png
2022-10-24 13:59:14,091 rj_jxy INFO basepage.py [第23行] Template(E:\Git\rjjxy\Picture\login\关闭窗口.png)图片存在
2022-10-24 13:59:18,195 rj_jxy INFO basepage.py [第29行] 开始点击图片：E:\Git\rjjxy\Picture\login\关闭窗口.png
2022-10-24 13:59:18,195 rj_jxy INFO basepage.py [第17行] 开始寻找图片：E:\Git\rjjxy\Picture\login\确定关闭.png
2022-10-24 13:59:18,195 rj_jxy INFO basepage.py [第23行] Template(E:\Git\rjjxy\Picture\login\确定关闭.png)图片存在
2022-10-24 13:59:19,355 rj_jxy INFO basepage.py [第29行] 开始点击图片：E:\Git\rjjxy\Picture\login\确定关闭.png
