2022-10-27 13:40:38,040 rj_jxy INFO conftest.py [第21行] **********开始连接/启动设备**********
2022-10-27 13:40:38,376 rj_jxy INFO conftest.py [第28行] **********连接/启动设备正常**********
2022-10-27 13:40:38,378 rj_jxy INFO basepage.py [第17行] 开始寻找图片：E:\Git\rjjxy\Picture\login\账号.png
2022-10-27 13:40:39,911 rj_jxy INFO basepage.py [第28行] E:\Git\rjjxy\Picture\login\账号.png图片存在
2022-10-27 13:40:40,143 rj_jxy INFO basepage.py [第17行] 开始寻找图片：E:\Git\rjjxy\Picture\login\输入用户名.png
2022-10-27 13:40:41,791 rj_jxy INFO basepage.py [第38行] 开始点击图片：E:\Git\rjjxy\Picture\login\输入用户名.png
2022-10-27 13:40:42,584 rj_jxy INFO basepage.py [第46行] 输入text值为: 18377560722
2022-10-27 13:40:42,584 rj_jxy INFO basepage.py [第17行] 开始寻找图片：E:\Git\rjjxy\Picture\login\清空密码.png
2022-10-27 13:40:42,723 rj_jxy INFO basepage.py [第28行] E:\Git\rjjxy\Picture\login\清空密码.png图片存在
2022-10-27 13:40:42,723 rj_jxy INFO basepage.py [第17行] 开始寻找图片：E:\Git\rjjxy\Picture\login\清空密码.png
2022-10-27 13:40:43,181 rj_jxy INFO basepage.py [第65行] 双击清除图片为：E:\Git\rjjxy\Picture\login\清空密码.png
2022-10-27 13:40:43,181 rj_jxy INFO basepage.py [第17行] 开始寻找图片：E:\Git\rjjxy\Picture\login\输入密码.png
2022-10-27 13:40:44,370 rj_jxy INFO basepage.py [第38行] 开始点击图片：E:\Git\rjjxy\Picture\login\输入密码.png
2022-10-27 13:40:44,974 rj_jxy INFO basepage.py [第46行] 输入text值为: Test@321
2022-10-27 13:40:44,974 rj_jxy INFO basepage.py [第17行] 开始寻找图片：E:\Git\rjjxy\Picture\login\未勾选.png
2022-10-27 13:40:48,304 rj_jxy INFO basepage.py [第28行] E:\Git\rjjxy\Picture\login\未勾选.png图片存在
2022-10-27 13:40:48,304 rj_jxy INFO basepage.py [第17行] 开始寻找图片：E:\Git\rjjxy\Picture\login\未勾选.png
2022-10-27 13:40:51,677 rj_jxy INFO basepage.py [第28行] E:\Git\rjjxy\Picture\login\未勾选.png图片存在
2022-10-27 13:40:51,677 rj_jxy INFO basepage.py [第17行] 开始寻找图片：E:\Git\rjjxy\Picture\login\登录.png
2022-10-27 13:40:52,768 rj_jxy INFO basepage.py [第38行] 开始点击图片：E:\Git\rjjxy\Picture\login\登录.png
2022-10-27 13:40:52,768 rj_jxy INFO basepage.py [第17行] 开始寻找图片：E:\Git\rjjxy\Picture\login\首页logo.png
2022-10-27 13:40:53,436 rj_jxy INFO basepage.py [第57行] 断言成功：msg值为：登录成功后_存在logo
2022-10-27 13:40:53,436 rj_jxy INFO basepage.py [第17行] 开始寻找图片：E:\Git\rjjxy\Picture\login\关闭窗口.png
2022-10-27 13:40:56,103 rj_jxy INFO basepage.py [第38行] 开始点击图片：E:\Git\rjjxy\Picture\login\关闭窗口.png
2022-10-27 13:40:56,103 rj_jxy INFO basepage.py [第17行] 开始寻找图片：E:\Git\rjjxy\Picture\login\确定关闭.png
2022-10-27 13:40:57,275 rj_jxy INFO basepage.py [第38行] 开始点击图片：E:\Git\rjjxy\Picture\login\确定关闭.png
2022-10-27 13:41:02,293 rj_jxy INFO conftest.py [第35行] **********测试结束/关闭客户端**********
