2022-10-26 17:06:54,271 rj_jxy INFO conftest.py [第23行] **********开始连接/启动设备**********
2022-10-26 17:06:54,603 rj_jxy INFO conftest.py [第30行] **********连接/启动设备正常**********
2022-10-26 17:06:56,603 rj_jxy INFO basepage.py [第17行] 开始寻找图片：E:\Git\rjjxy\Picture\login\勾选.png
2022-10-26 17:06:59,943 rj_jxy INFO basepage.py [第28行] E:\Git\rjjxy\Picture\login\勾选.png图片存在
2022-10-26 17:06:59,943 rj_jxy INFO basepage.py [第17行] 开始寻找图片：E:\Git\rjjxy\Picture\login\登录.png
2022-10-26 17:07:01,032 rj_jxy INFO basepage.py [第38行] 开始点击图片：E:\Git\rjjxy\Picture\login\登录.png
2022-10-26 17:07:03,044 rj_jxy INFO basepage.py [第17行] 开始寻找图片：E:\Git\rjjxy\Picture\module\书本封面.png
2022-10-26 17:07:05,485 rj_jxy INFO basepage.py [第38行] 开始点击图片：E:\Git\rjjxy\Picture\module\书本封面.png
2022-10-26 17:07:15,489 rj_jxy INFO basepage.py [第17行] 开始寻找图片：E:\Git\rjjxy\Picture\module\教学课例.png
2022-10-26 17:07:25,625 rj_jxy INFO basepage.py [第38行] 开始点击图片：E:\Git\rjjxy\Picture\module\教学课例.png
2022-10-26 17:07:30,630 rj_jxy INFO basepage.py [第17行] 开始寻找图片：E:\Git\rjjxy\Picture\module\暂停.png
2022-10-26 17:07:31,730 rj_jxy INFO basepage.py [第38行] 开始点击图片：E:\Git\rjjxy\Picture\module\暂停.png
2022-10-26 17:07:36,734 rj_jxy INFO basepage.py [第17行] 开始寻找图片：E:\Git\rjjxy\Picture\module\播放.png
2022-10-26 17:07:37,929 rj_jxy INFO basepage.py [第38行] 开始点击图片：E:\Git\rjjxy\Picture\module\播放.png
2022-10-26 17:07:42,936 rj_jxy INFO basepage.py [第17行] 开始寻找图片：E:\Git\rjjxy\Picture\module\关闭声音.png
2022-10-26 17:07:44,046 rj_jxy INFO basepage.py [第38行] 开始点击图片：E:\Git\rjjxy\Picture\module\关闭声音.png
2022-10-26 17:07:49,049 rj_jxy INFO basepage.py [第17行] 开始寻找图片：E:\Git\rjjxy\Picture\module\播放声音.png
2022-10-26 17:07:50,138 rj_jxy INFO basepage.py [第38行] 开始点击图片：E:\Git\rjjxy\Picture\module\播放声音.png
2022-10-26 17:07:55,147 rj_jxy INFO basepage.py [第17行] 开始寻找图片：E:\Git\rjjxy\Picture\module\下载.png
2022-10-26 17:07:56,254 rj_jxy INFO basepage.py [第38行] 开始点击图片：E:\Git\rjjxy\Picture\module\下载.png
2022-10-26 17:07:56,254 rj_jxy INFO basepage.py [第17行] 开始寻找图片：E:\Git\rjjxy\Picture\module\确定.png
2022-10-26 17:07:57,357 rj_jxy INFO basepage.py [第38行] 开始点击图片：E:\Git\rjjxy\Picture\module\确定.png
2022-10-26 17:08:10,181 rj_jxy INFO basepage.py [第17行] 开始寻找图片：E:\Git\rjjxy\Picture\module\窗口放大.png
2022-10-26 17:08:11,316 rj_jxy INFO basepage.py [第38行] 开始点击图片：E:\Git\rjjxy\Picture\module\窗口放大.png
2022-10-26 17:08:16,325 rj_jxy INFO basepage.py [第17行] 开始寻找图片：E:\Git\rjjxy\Picture\module\窗口缩小.png
2022-10-26 17:08:17,451 rj_jxy INFO basepage.py [第38行] 开始点击图片：E:\Git\rjjxy\Picture\module\窗口缩小.png
2022-10-26 17:08:22,461 rj_jxy INFO basepage.py [第17行] 开始寻找图片：E:\Git\rjjxy\Picture\module\窗口常规（小）.png
2022-10-26 17:08:23,636 rj_jxy INFO basepage.py [第38行] 开始点击图片：E:\Git\rjjxy\Picture\module\窗口常规（小）.png
2022-10-26 17:08:28,651 rj_jxy INFO basepage.py [第17行] 开始寻找图片：E:\Git\rjjxy\Picture\module\窗口常规（大）.png
2022-10-26 17:08:29,761 rj_jxy INFO basepage.py [第38行] 开始点击图片：E:\Git\rjjxy\Picture\module\窗口常规（大）.png
2022-10-26 17:08:34,763 rj_jxy INFO basepage.py [第17行] 开始寻找图片：E:\Git\rjjxy\Picture\module\模块窗口关闭.png
2022-10-26 17:08:35,956 rj_jxy INFO basepage.py [第38行] 开始点击图片：E:\Git\rjjxy\Picture\module\模块窗口关闭.png
2022-10-26 17:08:40,967 rj_jxy INFO basepage.py [第17行] 开始寻找图片：E:\Git\rjjxy\Picture\module\书本窗口关闭.png
2022-10-26 17:08:42,150 rj_jxy INFO basepage.py [第38行] 开始点击图片：E:\Git\rjjxy\Picture\module\书本窗口关闭.png
2022-10-26 17:08:47,151 rj_jxy INFO basepage.py [第17行] 开始寻找图片：E:\Git\rjjxy\Picture\module\确定关闭.png
2022-10-26 17:08:48,234 rj_jxy INFO basepage.py [第38行] 开始点击图片：E:\Git\rjjxy\Picture\module\确定关闭.png
2022-10-26 17:08:58,330 rj_jxy INFO conftest.py [第37行] **********测试结束/关闭客户端**********
