2022-10-27 11:31:31,431 rj_jxy INFO conftest.py [第23行] **********开始连接/启动设备**********
2022-10-27 11:31:31,772 rj_jxy INFO conftest.py [第30行] **********连接/启动设备正常**********
2022-10-27 11:31:31,773 rj_jxy INFO basepage.py [第17行] 开始寻找图片：E:\Git\rjjxy\Picture\login\账号.png
2022-10-27 11:31:33,300 rj_jxy INFO basepage.py [第28行] E:\Git\rjjxy\Picture\login\账号.png图片存在
2022-10-27 11:31:33,529 rj_jxy INFO basepage.py [第17行] 开始寻找图片：E:\Git\rjjxy\Picture\login\输入用户名.png
2022-10-27 11:31:35,177 rj_jxy INFO basepage.py [第38行] 开始点击图片：E:\Git\rjjxy\Picture\login\输入用户名.png
2022-10-27 11:31:35,972 rj_jxy INFO basepage.py [第46行] 输入text值为: 18377560722
2022-10-27 11:31:35,972 rj_jxy INFO basepage.py [第17行] 开始寻找图片：E:\Git\rjjxy\Picture\login\清空密码.png
2022-10-27 11:31:36,109 rj_jxy INFO basepage.py [第28行] E:\Git\rjjxy\Picture\login\清空密码.png图片存在
2022-10-27 11:31:36,109 rj_jxy INFO basepage.py [第17行] 开始寻找图片：E:\Git\rjjxy\Picture\login\清空密码.png
2022-10-27 11:31:36,570 rj_jxy INFO basepage.py [第65行] 双击清除图片为：E:\Git\rjjxy\Picture\login\清空密码.png
2022-10-27 11:31:36,570 rj_jxy INFO basepage.py [第17行] 开始寻找图片：E:\Git\rjjxy\Picture\login\输入密码.png
2022-10-27 11:31:37,746 rj_jxy INFO basepage.py [第38行] 开始点击图片：E:\Git\rjjxy\Picture\login\输入密码.png
2022-10-27 11:31:38,357 rj_jxy INFO basepage.py [第46行] 输入text值为: Test@321
2022-10-27 11:31:38,357 rj_jxy INFO basepage.py [第17行] 开始寻找图片：E:\Git\rjjxy\Picture\login\未勾选.png
2022-10-27 11:31:41,735 rj_jxy INFO basepage.py [第28行] E:\Git\rjjxy\Picture\login\未勾选.png图片存在
2022-10-27 11:31:41,735 rj_jxy INFO basepage.py [第17行] 开始寻找图片：E:\Git\rjjxy\Picture\login\未勾选.png
2022-10-27 11:31:45,169 rj_jxy INFO basepage.py [第28行] E:\Git\rjjxy\Picture\login\未勾选.png图片存在
2022-10-27 11:31:45,169 rj_jxy INFO basepage.py [第17行] 开始寻找图片：E:\Git\rjjxy\Picture\login\登录.png
2022-10-27 11:31:46,270 rj_jxy INFO basepage.py [第38行] 开始点击图片：E:\Git\rjjxy\Picture\login\登录.png
2022-10-27 11:31:46,270 rj_jxy INFO basepage.py [第17行] 开始寻找图片：E:\Git\rjjxy\Picture\login\首页logo.png
2022-10-27 11:31:46,947 rj_jxy INFO basepage.py [第57行] 断言成功：msg值为：登录成功后_存在logo
2022-10-27 11:31:46,947 rj_jxy INFO basepage.py [第17行] 开始寻找图片：E:\Git\rjjxy\Picture\login\关闭窗口.png
2022-10-27 11:31:49,561 rj_jxy INFO basepage.py [第38行] 开始点击图片：E:\Git\rjjxy\Picture\login\关闭窗口.png
2022-10-27 11:31:49,561 rj_jxy INFO basepage.py [第17行] 开始寻找图片：E:\Git\rjjxy\Picture\login\确定关闭.png
2022-10-27 11:31:50,712 rj_jxy INFO basepage.py [第38行] 开始点击图片：E:\Git\rjjxy\Picture\login\确定关闭.png
2022-10-27 11:31:55,727 rj_jxy INFO conftest.py [第37行] **********测试结束/关闭客户端**********
