2022-10-25 14:56:22,378 rj_jxy INFO conftest.py [第22行] **********开始连接/启动设备**********
2022-10-25 14:56:22,720 rj_jxy INFO conftest.py [第29行] **********连接/启动设备正常**********
2022-10-25 14:56:27,386 rj_jxy INFO basepage.py [第17行] 开始寻找图片：E:\Git\rjjxy\Picture\resources\我的资源.png
2022-10-25 14:56:27,386 rj_jxy INFO basepage.py [第23行] Template(E:\Git\rjjxy\Picture\resources\我的资源.png)图片存在
2022-10-25 14:56:30,283 rj_jxy INFO basepage.py [第29行] 开始点击图片：E:\Git\rjjxy\Picture\resources\我的资源.png
2022-10-25 14:56:32,298 rj_jxy INFO basepage.py [第17行] 开始寻找图片：E:\Git\rjjxy\Picture\resources\导入.png
2022-10-25 14:56:32,299 rj_jxy INFO basepage.py [第23行] Template(E:\Git\rjjxy\Picture\resources\导入.png)图片存在
2022-10-25 14:56:33,477 rj_jxy INFO basepage.py [第29行] 开始点击图片：E:\Git\rjjxy\Picture\resources\导入.png
2022-10-25 14:56:35,488 rj_jxy INFO basepage.py [第17行] 开始寻找图片：E:\Git\rjjxy\Picture\resources\下拉框.png
2022-10-25 14:56:35,488 rj_jxy INFO basepage.py [第23行] Template(E:\Git\rjjxy\Picture\resources\下拉框.png)图片存在
2022-10-25 14:56:36,651 rj_jxy INFO basepage.py [第29行] 开始点击图片：E:\Git\rjjxy\Picture\resources\下拉框.png
2022-10-25 14:56:38,662 rj_jxy INFO basepage.py [第17行] 开始寻找图片：E:\Git\rjjxy\Picture\resources\路径.png
2022-10-25 14:56:38,662 rj_jxy INFO basepage.py [第23行] Template(E:\Git\rjjxy\Picture\resources\路径.png)图片存在
2022-10-25 14:56:39,826 rj_jxy INFO basepage.py [第29行] 开始点击图片：E:\Git\rjjxy\Picture\resources\路径.png
2022-10-25 14:56:43,339 rj_jxy INFO basepage.py [第37行] 输入text值为: E:\Git\rjjxy\Resources
2022-10-25 14:56:47,431 rj_jxy INFO basepage.py [第17行] 开始寻找图片：E:\Git\rjjxy\Picture\resources\输入文件名.png
2022-10-25 14:56:47,431 rj_jxy INFO basepage.py [第23行] Template(E:\Git\rjjxy\Picture\resources\输入文件名.png)图片存在
2022-10-25 14:56:48,611 rj_jxy INFO basepage.py [第29行] 开始点击图片：E:\Git\rjjxy\Picture\resources\输入文件名.png
2022-10-25 14:56:50,618 rj_jxy INFO basepage.py [第17行] 开始寻找图片：E:\Git\rjjxy\Picture\resources\输入文件名.png
2022-10-25 14:56:50,618 rj_jxy INFO basepage.py [第23行] Template(E:\Git\rjjxy\Picture\resources\输入文件名.png)图片存在
2022-10-25 14:56:51,769 rj_jxy INFO basepage.py [第29行] 开始点击图片：E:\Git\rjjxy\Picture\resources\输入文件名.png
2022-10-25 14:56:52,258 rj_jxy INFO basepage.py [第37行] 输入text值为: 音频.mp3
2022-10-25 14:56:54,261 rj_jxy INFO basepage.py [第17行] 开始寻找图片：E:\Git\rjjxy\Picture\resources\打开.png
2022-10-25 14:56:54,261 rj_jxy INFO basepage.py [第23行] Template(E:\Git\rjjxy\Picture\resources\打开.png)图片存在
2022-10-25 14:56:55,429 rj_jxy INFO basepage.py [第29行] 开始点击图片：E:\Git\rjjxy\Picture\resources\打开.png
2022-10-25 14:56:58,430 rj_jxy INFO basepage.py [第17行] 开始寻找图片：E:\Git\rjjxy\Picture\resources\音频.png
2022-10-25 14:56:58,430 rj_jxy INFO basepage.py [第23行] Template(E:\Git\rjjxy\Picture\resources\音频.png)图片存在
2022-10-25 14:56:58,577 rj_jxy INFO basepage.py [第48行] 断言成功，断言的图片为：E:\Git\rjjxy\Picture\resources\音频.png
2022-10-25 14:56:58,582 rj_jxy INFO basepage.py [第17行] 开始寻找图片：E:\Git\rjjxy\Picture\resources\我的资源.png
2022-10-25 14:56:58,583 rj_jxy INFO basepage.py [第23行] Template(E:\Git\rjjxy\Picture\resources\我的资源.png)图片存在
2022-10-25 14:56:59,741 rj_jxy INFO basepage.py [第29行] 开始点击图片：E:\Git\rjjxy\Picture\resources\我的资源.png
2022-10-25 14:57:01,751 rj_jxy INFO basepage.py [第17行] 开始寻找图片：E:\Git\rjjxy\Picture\resources\导入.png
2022-10-25 14:57:01,751 rj_jxy INFO basepage.py [第23行] Template(E:\Git\rjjxy\Picture\resources\导入.png)图片存在
2022-10-25 14:57:02,923 rj_jxy INFO basepage.py [第29行] 开始点击图片：E:\Git\rjjxy\Picture\resources\导入.png
2022-10-25 14:57:04,936 rj_jxy INFO basepage.py [第17行] 开始寻找图片：E:\Git\rjjxy\Picture\resources\下拉框.png
2022-10-25 14:57:04,936 rj_jxy INFO basepage.py [第23行] Template(E:\Git\rjjxy\Picture\resources\下拉框.png)图片存在
2022-10-25 14:57:06,101 rj_jxy INFO basepage.py [第29行] 开始点击图片：E:\Git\rjjxy\Picture\resources\下拉框.png
2022-10-25 14:57:08,105 rj_jxy INFO basepage.py [第17行] 开始寻找图片：E:\Git\rjjxy\Picture\resources\路径.png
2022-10-25 14:57:08,105 rj_jxy INFO basepage.py [第23行] Template(E:\Git\rjjxy\Picture\resources\路径.png)图片存在
2022-10-25 14:57:09,271 rj_jxy INFO basepage.py [第29行] 开始点击图片：E:\Git\rjjxy\Picture\resources\路径.png
2022-10-25 14:57:12,778 rj_jxy INFO basepage.py [第37行] 输入text值为: E:\Git\rjjxy\Resources
2022-10-25 14:57:16,847 rj_jxy INFO basepage.py [第17行] 开始寻找图片：E:\Git\rjjxy\Picture\resources\输入文件名.png
2022-10-25 14:57:16,847 rj_jxy INFO basepage.py [第23行] Template(E:\Git\rjjxy\Picture\resources\输入文件名.png)图片存在
2022-10-25 14:57:18,031 rj_jxy INFO basepage.py [第29行] 开始点击图片：E:\Git\rjjxy\Picture\resources\输入文件名.png
2022-10-25 14:57:20,046 rj_jxy INFO basepage.py [第17行] 开始寻找图片：E:\Git\rjjxy\Picture\resources\输入文件名.png
2022-10-25 14:57:20,046 rj_jxy INFO basepage.py [第23行] Template(E:\Git\rjjxy\Picture\resources\输入文件名.png)图片存在
2022-10-25 14:57:21,213 rj_jxy INFO basepage.py [第29行] 开始点击图片：E:\Git\rjjxy\Picture\resources\输入文件名.png
2022-10-25 14:57:21,704 rj_jxy INFO basepage.py [第37行] 输入text值为: 视频.mp4
2022-10-25 14:57:23,706 rj_jxy INFO basepage.py [第17行] 开始寻找图片：E:\Git\rjjxy\Picture\resources\打开.png
2022-10-25 14:57:23,706 rj_jxy INFO basepage.py [第23行] Template(E:\Git\rjjxy\Picture\resources\打开.png)图片存在
2022-10-25 14:57:24,872 rj_jxy INFO basepage.py [第29行] 开始点击图片：E:\Git\rjjxy\Picture\resources\打开.png
2022-10-25 14:57:27,886 rj_jxy INFO basepage.py [第17行] 开始寻找图片：E:\Git\rjjxy\Picture\resources\视频.png
2022-10-25 14:57:27,886 rj_jxy INFO basepage.py [第23行] Template(E:\Git\rjjxy\Picture\resources\视频.png)图片存在
2022-10-25 14:57:28,021 rj_jxy INFO basepage.py [第48行] 断言成功，断言的图片为：E:\Git\rjjxy\Picture\resources\视频.png
2022-10-25 14:57:28,027 rj_jxy INFO basepage.py [第17行] 开始寻找图片：E:\Git\rjjxy\Picture\resources\我的资源.png
2022-10-25 14:57:28,027 rj_jxy INFO basepage.py [第23行] Template(E:\Git\rjjxy\Picture\resources\我的资源.png)图片存在
2022-10-25 14:57:29,190 rj_jxy INFO basepage.py [第29行] 开始点击图片：E:\Git\rjjxy\Picture\resources\我的资源.png
2022-10-25 14:57:31,190 rj_jxy INFO basepage.py [第17行] 开始寻找图片：E:\Git\rjjxy\Picture\resources\导入.png
2022-10-25 14:57:31,190 rj_jxy INFO basepage.py [第23行] Template(E:\Git\rjjxy\Picture\resources\导入.png)图片存在
2022-10-25 14:57:32,358 rj_jxy INFO basepage.py [第29行] 开始点击图片：E:\Git\rjjxy\Picture\resources\导入.png
2022-10-25 14:57:34,365 rj_jxy INFO basepage.py [第17行] 开始寻找图片：E:\Git\rjjxy\Picture\resources\下拉框.png
2022-10-25 14:57:34,365 rj_jxy INFO basepage.py [第23行] Template(E:\Git\rjjxy\Picture\resources\下拉框.png)图片存在
2022-10-25 14:57:35,536 rj_jxy INFO basepage.py [第29行] 开始点击图片：E:\Git\rjjxy\Picture\resources\下拉框.png
2022-10-25 14:57:37,539 rj_jxy INFO basepage.py [第17行] 开始寻找图片：E:\Git\rjjxy\Picture\resources\路径.png
2022-10-25 14:57:37,540 rj_jxy INFO basepage.py [第23行] Template(E:\Git\rjjxy\Picture\resources\路径.png)图片存在
2022-10-25 14:57:38,700 rj_jxy INFO basepage.py [第29行] 开始点击图片：E:\Git\rjjxy\Picture\resources\路径.png
2022-10-25 14:57:42,213 rj_jxy INFO basepage.py [第37行] 输入text值为: E:\Git\rjjxy\Resources
2022-10-25 14:57:46,292 rj_jxy INFO basepage.py [第17行] 开始寻找图片：E:\Git\rjjxy\Picture\resources\输入文件名.png
2022-10-25 14:57:46,292 rj_jxy INFO basepage.py [第23行] Template(E:\Git\rjjxy\Picture\resources\输入文件名.png)图片存在
2022-10-25 14:57:47,472 rj_jxy INFO basepage.py [第29行] 开始点击图片：E:\Git\rjjxy\Picture\resources\输入文件名.png
2022-10-25 14:57:49,477 rj_jxy INFO basepage.py [第17行] 开始寻找图片：E:\Git\rjjxy\Picture\resources\输入文件名.png
2022-10-25 14:57:49,477 rj_jxy INFO basepage.py [第23行] Template(E:\Git\rjjxy\Picture\resources\输入文件名.png)图片存在
2022-10-25 14:57:50,646 rj_jxy INFO basepage.py [第29行] 开始点击图片：E:\Git\rjjxy\Picture\resources\输入文件名.png
2022-10-25 14:57:51,135 rj_jxy INFO basepage.py [第37行] 输入text值为: 图片.jpg
2022-10-25 14:57:53,147 rj_jxy INFO basepage.py [第17行] 开始寻找图片：E:\Git\rjjxy\Picture\resources\打开.png
2022-10-25 14:57:53,147 rj_jxy INFO basepage.py [第23行] Template(E:\Git\rjjxy\Picture\resources\打开.png)图片存在
2022-10-25 14:57:54,307 rj_jxy INFO basepage.py [第29行] 开始点击图片：E:\Git\rjjxy\Picture\resources\打开.png
2022-10-25 14:57:57,311 rj_jxy INFO basepage.py [第17行] 开始寻找图片：E:\Git\rjjxy\Picture\resources\图片.png
2022-10-25 14:57:57,311 rj_jxy INFO basepage.py [第23行] Template(E:\Git\rjjxy\Picture\resources\图片.png)图片存在
2022-10-25 14:57:57,452 rj_jxy INFO basepage.py [第48行] 断言成功，断言的图片为：E:\Git\rjjxy\Picture\resources\图片.png
2022-10-25 14:57:57,460 rj_jxy INFO basepage.py [第17行] 开始寻找图片：E:\Git\rjjxy\Picture\resources\我的资源.png
2022-10-25 14:57:57,460 rj_jxy INFO basepage.py [第23行] Template(E:\Git\rjjxy\Picture\resources\我的资源.png)图片存在
2022-10-25 14:57:58,623 rj_jxy INFO basepage.py [第29行] 开始点击图片：E:\Git\rjjxy\Picture\resources\我的资源.png
2022-10-25 14:58:00,636 rj_jxy INFO basepage.py [第17行] 开始寻找图片：E:\Git\rjjxy\Picture\resources\导入.png
2022-10-25 14:58:00,636 rj_jxy INFO basepage.py [第23行] Template(E:\Git\rjjxy\Picture\resources\导入.png)图片存在
2022-10-25 14:58:01,819 rj_jxy INFO basepage.py [第29行] 开始点击图片：E:\Git\rjjxy\Picture\resources\导入.png
2022-10-25 14:58:03,828 rj_jxy INFO basepage.py [第17行] 开始寻找图片：E:\Git\rjjxy\Picture\resources\下拉框.png
2022-10-25 14:58:03,828 rj_jxy INFO basepage.py [第23行] Template(E:\Git\rjjxy\Picture\resources\下拉框.png)图片存在
2022-10-25 14:58:04,993 rj_jxy INFO basepage.py [第29行] 开始点击图片：E:\Git\rjjxy\Picture\resources\下拉框.png
2022-10-25 14:58:06,999 rj_jxy INFO basepage.py [第17行] 开始寻找图片：E:\Git\rjjxy\Picture\resources\路径.png
2022-10-25 14:58:06,999 rj_jxy INFO basepage.py [第23行] Template(E:\Git\rjjxy\Picture\resources\路径.png)图片存在
2022-10-25 14:58:08,155 rj_jxy INFO basepage.py [第29行] 开始点击图片：E:\Git\rjjxy\Picture\resources\路径.png
2022-10-25 14:58:11,658 rj_jxy INFO basepage.py [第37行] 输入text值为: E:\Git\rjjxy\Resources
2022-10-25 14:58:15,738 rj_jxy INFO basepage.py [第17行] 开始寻找图片：E:\Git\rjjxy\Picture\resources\输入文件名.png
2022-10-25 14:58:15,738 rj_jxy INFO basepage.py [第23行] Template(E:\Git\rjjxy\Picture\resources\输入文件名.png)图片存在
2022-10-25 14:58:16,910 rj_jxy INFO basepage.py [第29行] 开始点击图片：E:\Git\rjjxy\Picture\resources\输入文件名.png
2022-10-25 14:58:18,914 rj_jxy INFO basepage.py [第17行] 开始寻找图片：E:\Git\rjjxy\Picture\resources\输入文件名.png
2022-10-25 14:58:18,914 rj_jxy INFO basepage.py [第23行] Template(E:\Git\rjjxy\Picture\resources\输入文件名.png)图片存在
2022-10-25 14:58:20,070 rj_jxy INFO basepage.py [第29行] 开始点击图片：E:\Git\rjjxy\Picture\resources\输入文件名.png
2022-10-25 14:58:20,554 rj_jxy INFO basepage.py [第37行] 输入text值为: 动画.swf
2022-10-25 14:58:22,556 rj_jxy INFO basepage.py [第17行] 开始寻找图片：E:\Git\rjjxy\Picture\resources\打开.png
2022-10-25 14:58:22,556 rj_jxy INFO basepage.py [第23行] Template(E:\Git\rjjxy\Picture\resources\打开.png)图片存在
2022-10-25 14:58:23,705 rj_jxy INFO basepage.py [第29行] 开始点击图片：E:\Git\rjjxy\Picture\resources\打开.png
2022-10-25 14:58:26,708 rj_jxy INFO basepage.py [第17行] 开始寻找图片：E:\Git\rjjxy\Picture\resources\动画.png
2022-10-25 14:58:26,708 rj_jxy INFO basepage.py [第23行] Template(E:\Git\rjjxy\Picture\resources\动画.png)图片存在
2022-10-25 14:58:26,838 rj_jxy INFO basepage.py [第48行] 断言成功，断言的图片为：E:\Git\rjjxy\Picture\resources\动画.png
2022-10-25 14:58:26,846 rj_jxy INFO basepage.py [第17行] 开始寻找图片：E:\Git\rjjxy\Picture\resources\我的资源.png
2022-10-25 14:58:26,846 rj_jxy INFO basepage.py [第23行] Template(E:\Git\rjjxy\Picture\resources\我的资源.png)图片存在
2022-10-25 14:58:28,025 rj_jxy INFO basepage.py [第29行] 开始点击图片：E:\Git\rjjxy\Picture\resources\我的资源.png
2022-10-25 14:58:30,028 rj_jxy INFO basepage.py [第17行] 开始寻找图片：E:\Git\rjjxy\Picture\resources\导入.png
2022-10-25 14:58:30,028 rj_jxy INFO basepage.py [第23行] Template(E:\Git\rjjxy\Picture\resources\导入.png)图片存在
2022-10-25 14:58:31,209 rj_jxy INFO basepage.py [第29行] 开始点击图片：E:\Git\rjjxy\Picture\resources\导入.png
2022-10-25 14:58:33,215 rj_jxy INFO basepage.py [第17行] 开始寻找图片：E:\Git\rjjxy\Picture\resources\下拉框.png
2022-10-25 14:58:33,215 rj_jxy INFO basepage.py [第23行] Template(E:\Git\rjjxy\Picture\resources\下拉框.png)图片存在
2022-10-25 14:58:34,375 rj_jxy INFO basepage.py [第29行] 开始点击图片：E:\Git\rjjxy\Picture\resources\下拉框.png
2022-10-25 14:58:36,380 rj_jxy INFO basepage.py [第17行] 开始寻找图片：E:\Git\rjjxy\Picture\resources\路径.png
2022-10-25 14:58:36,380 rj_jxy INFO basepage.py [第23行] Template(E:\Git\rjjxy\Picture\resources\路径.png)图片存在
2022-10-25 14:58:37,560 rj_jxy INFO basepage.py [第29行] 开始点击图片：E:\Git\rjjxy\Picture\resources\路径.png
2022-10-25 14:58:41,070 rj_jxy INFO basepage.py [第37行] 输入text值为: E:\Git\rjjxy\Resources
2022-10-25 14:58:45,141 rj_jxy INFO basepage.py [第17行] 开始寻找图片：E:\Git\rjjxy\Picture\resources\输入文件名.png
2022-10-25 14:58:45,141 rj_jxy INFO basepage.py [第23行] Template(E:\Git\rjjxy\Picture\resources\输入文件名.png)图片存在
2022-10-25 14:58:46,308 rj_jxy INFO basepage.py [第29行] 开始点击图片：E:\Git\rjjxy\Picture\resources\输入文件名.png
2022-10-25 14:58:48,311 rj_jxy INFO basepage.py [第17行] 开始寻找图片：E:\Git\rjjxy\Picture\resources\输入文件名.png
2022-10-25 14:58:48,311 rj_jxy INFO basepage.py [第23行] Template(E:\Git\rjjxy\Picture\resources\输入文件名.png)图片存在
2022-10-25 14:58:49,491 rj_jxy INFO basepage.py [第29行] 开始点击图片：E:\Git\rjjxy\Picture\resources\输入文件名.png
2022-10-25 14:58:50,040 rj_jxy INFO basepage.py [第37行] 输入text值为: 文件.xlsx
2022-10-25 14:58:52,055 rj_jxy INFO basepage.py [第17行] 开始寻找图片：E:\Git\rjjxy\Picture\resources\打开.png
2022-10-25 14:58:52,055 rj_jxy INFO basepage.py [第23行] Template(E:\Git\rjjxy\Picture\resources\打开.png)图片存在
2022-10-25 14:58:53,206 rj_jxy INFO basepage.py [第29行] 开始点击图片：E:\Git\rjjxy\Picture\resources\打开.png
2022-10-25 14:58:56,211 rj_jxy INFO basepage.py [第17行] 开始寻找图片：E:\Git\rjjxy\Picture\resources\文件.png
2022-10-25 14:58:56,211 rj_jxy INFO basepage.py [第23行] Template(E:\Git\rjjxy\Picture\resources\文件.png)图片存在
2022-10-25 14:58:56,366 rj_jxy INFO basepage.py [第48行] 断言成功，断言的图片为：E:\Git\rjjxy\Picture\resources\文件.png
2022-10-25 14:58:56,371 rj_jxy INFO basepage.py [第17行] 开始寻找图片：E:\Git\rjjxy\Picture\resources\我的资源.png
2022-10-25 14:58:56,371 rj_jxy INFO basepage.py [第23行] Template(E:\Git\rjjxy\Picture\resources\我的资源.png)图片存在
2022-10-25 14:58:57,520 rj_jxy INFO basepage.py [第29行] 开始点击图片：E:\Git\rjjxy\Picture\resources\我的资源.png
2022-10-25 14:58:59,530 rj_jxy INFO basepage.py [第17行] 开始寻找图片：E:\Git\rjjxy\Picture\resources\导入.png
2022-10-25 14:58:59,530 rj_jxy INFO basepage.py [第23行] Template(E:\Git\rjjxy\Picture\resources\导入.png)图片存在
2022-10-25 14:59:00,710 rj_jxy INFO basepage.py [第29行] 开始点击图片：E:\Git\rjjxy\Picture\resources\导入.png
2022-10-25 14:59:02,722 rj_jxy INFO basepage.py [第17行] 开始寻找图片：E:\Git\rjjxy\Picture\resources\下拉框.png
2022-10-25 14:59:02,722 rj_jxy INFO basepage.py [第23行] Template(E:\Git\rjjxy\Picture\resources\下拉框.png)图片存在
2022-10-25 14:59:03,871 rj_jxy INFO basepage.py [第29行] 开始点击图片：E:\Git\rjjxy\Picture\resources\下拉框.png
2022-10-25 14:59:05,871 rj_jxy INFO basepage.py [第17行] 开始寻找图片：E:\Git\rjjxy\Picture\resources\路径.png
2022-10-25 14:59:05,871 rj_jxy INFO basepage.py [第23行] Template(E:\Git\rjjxy\Picture\resources\路径.png)图片存在
2022-10-25 14:59:07,034 rj_jxy INFO basepage.py [第29行] 开始点击图片：E:\Git\rjjxy\Picture\resources\路径.png
2022-10-25 14:59:10,539 rj_jxy INFO basepage.py [第37行] 输入text值为: E:\Git\rjjxy\Resources
2022-10-25 14:59:14,613 rj_jxy INFO basepage.py [第17行] 开始寻找图片：E:\Git\rjjxy\Picture\resources\输入文件名.png
2022-10-25 14:59:14,613 rj_jxy INFO basepage.py [第23行] Template(E:\Git\rjjxy\Picture\resources\输入文件名.png)图片存在
2022-10-25 14:59:15,795 rj_jxy INFO basepage.py [第29行] 开始点击图片：E:\Git\rjjxy\Picture\resources\输入文件名.png
2022-10-25 14:59:17,798 rj_jxy INFO basepage.py [第17行] 开始寻找图片：E:\Git\rjjxy\Picture\resources\输入文件名.png
2022-10-25 14:59:17,798 rj_jxy INFO basepage.py [第23行] Template(E:\Git\rjjxy\Picture\resources\输入文件名.png)图片存在
2022-10-25 14:59:18,951 rj_jxy INFO basepage.py [第29行] 开始点击图片：E:\Git\rjjxy\Picture\resources\输入文件名.png
2022-10-25 14:59:19,505 rj_jxy INFO basepage.py [第37行] 输入text值为: 文档.docx
2022-10-25 14:59:21,512 rj_jxy INFO basepage.py [第17行] 开始寻找图片：E:\Git\rjjxy\Picture\resources\打开.png
2022-10-25 14:59:21,512 rj_jxy INFO basepage.py [第23行] Template(E:\Git\rjjxy\Picture\resources\打开.png)图片存在
2022-10-25 14:59:22,682 rj_jxy INFO basepage.py [第29行] 开始点击图片：E:\Git\rjjxy\Picture\resources\打开.png
2022-10-25 14:59:25,686 rj_jxy INFO basepage.py [第17行] 开始寻找图片：E:\Git\rjjxy\Picture\resources\文档.png
2022-10-25 14:59:25,686 rj_jxy INFO basepage.py [第23行] Template(E:\Git\rjjxy\Picture\resources\文档.png)图片存在
2022-10-25 14:59:25,835 rj_jxy INFO basepage.py [第48行] 断言成功，断言的图片为：E:\Git\rjjxy\Picture\resources\文档.png
2022-10-25 14:59:25,839 rj_jxy INFO basepage.py [第17行] 开始寻找图片：E:\Git\rjjxy\Picture\resources\我的资源.png
2022-10-25 14:59:25,839 rj_jxy INFO basepage.py [第23行] Template(E:\Git\rjjxy\Picture\resources\我的资源.png)图片存在
2022-10-25 14:59:26,995 rj_jxy INFO basepage.py [第29行] 开始点击图片：E:\Git\rjjxy\Picture\resources\我的资源.png
2022-10-25 14:59:29,007 rj_jxy INFO basepage.py [第17行] 开始寻找图片：E:\Git\rjjxy\Picture\resources\导入.png
2022-10-25 14:59:29,007 rj_jxy INFO basepage.py [第23行] Template(E:\Git\rjjxy\Picture\resources\导入.png)图片存在
2022-10-25 14:59:30,175 rj_jxy INFO basepage.py [第29行] 开始点击图片：E:\Git\rjjxy\Picture\resources\导入.png
2022-10-25 14:59:32,178 rj_jxy INFO basepage.py [第17行] 开始寻找图片：E:\Git\rjjxy\Picture\resources\下拉框.png
2022-10-25 14:59:32,178 rj_jxy INFO basepage.py [第23行] Template(E:\Git\rjjxy\Picture\resources\下拉框.png)图片存在
2022-10-25 14:59:33,347 rj_jxy INFO basepage.py [第29行] 开始点击图片：E:\Git\rjjxy\Picture\resources\下拉框.png
2022-10-25 14:59:35,360 rj_jxy INFO basepage.py [第17行] 开始寻找图片：E:\Git\rjjxy\Picture\resources\路径.png
2022-10-25 14:59:35,360 rj_jxy INFO basepage.py [第23行] Template(E:\Git\rjjxy\Picture\resources\路径.png)图片存在
2022-10-25 14:59:36,540 rj_jxy INFO basepage.py [第29行] 开始点击图片：E:\Git\rjjxy\Picture\resources\路径.png
2022-10-25 14:59:40,040 rj_jxy INFO basepage.py [第37行] 输入text值为: E:\Git\rjjxy\Resources
2022-10-25 14:59:44,126 rj_jxy INFO basepage.py [第17行] 开始寻找图片：E:\Git\rjjxy\Picture\resources\输入文件名.png
2022-10-25 14:59:44,126 rj_jxy INFO basepage.py [第23行] Template(E:\Git\rjjxy\Picture\resources\输入文件名.png)图片存在
2022-10-25 14:59:45,308 rj_jxy INFO basepage.py [第29行] 开始点击图片：E:\Git\rjjxy\Picture\resources\输入文件名.png
2022-10-25 14:59:47,318 rj_jxy INFO basepage.py [第17行] 开始寻找图片：E:\Git\rjjxy\Picture\resources\输入文件名.png
2022-10-25 14:59:47,318 rj_jxy INFO basepage.py [第23行] Template(E:\Git\rjjxy\Picture\resources\输入文件名.png)图片存在
2022-10-25 14:59:48,486 rj_jxy INFO basepage.py [第29行] 开始点击图片：E:\Git\rjjxy\Picture\resources\输入文件名.png
2022-10-25 14:59:49,032 rj_jxy INFO basepage.py [第37行] 输入text值为: 课件.pptx
2022-10-25 14:59:51,035 rj_jxy INFO basepage.py [第17行] 开始寻找图片：E:\Git\rjjxy\Picture\resources\打开.png
2022-10-25 14:59:51,035 rj_jxy INFO basepage.py [第23行] Template(E:\Git\rjjxy\Picture\resources\打开.png)图片存在
2022-10-25 14:59:52,198 rj_jxy INFO basepage.py [第29行] 开始点击图片：E:\Git\rjjxy\Picture\resources\打开.png
2022-10-25 14:59:55,212 rj_jxy INFO basepage.py [第17行] 开始寻找图片：E:\Git\rjjxy\Picture\resources\课件.png
2022-10-25 14:59:55,212 rj_jxy INFO basepage.py [第23行] Template(E:\Git\rjjxy\Picture\resources\课件.png)图片存在
2022-10-25 14:59:55,369 rj_jxy INFO basepage.py [第48行] 断言成功，断言的图片为：E:\Git\rjjxy\Picture\resources\课件.png
2022-10-25 15:00:00,446 rj_jxy INFO conftest.py [第36行] **********测试结束/关闭客户端**********
