2025-03-31 09:36:55,452 rj_jxy INFO conftest.py [第21行] **********开始连接/启动设备**********
2025-03-31 09:36:56,234 rj_jxy INFO conftest.py [第28行] **********连接/启动设备正常**********
2025-03-31 09:36:56,234 rj_jxy INFO basepage.py [第23行] 未勾选 : 查找：E:\Git\rjjxys\Picture\login\未勾选.png 图片
2025-03-31 09:37:00,842 rj_jxy INFO basepage.py [第36行] 未勾选页面：E:\Git\rjjxys\Picture\login\未勾选.png 图片存在
2025-03-31 09:37:00,842 rj_jxy INFO basepage.py [第23行] 点击登录 : 查找：E:\Git\rjjxys\Picture\login\登录.png 图片
2025-03-31 09:37:02,764 rj_jxy INFO basepage.py [第50行] 点击登录: 点击 E:\Git\rjjxys\Picture\login\登录.png 图片
2025-03-31 09:37:02,764 rj_jxy INFO basepage.py [第23行] 以后再说弹框存在 : 查找：E:\Git\rjjxys\Picture\login\以后再说.png 图片
2025-03-31 09:37:05,990 rj_jxy INFO basepage.py [第36行] 以后再说弹框存在页面：E:\Git\rjjxys\Picture\login\以后再说.png 图片存在
2025-03-31 09:37:05,995 rj_jxy INFO basepage.py [第23行] 点击学科筛选框 : 查找：E:\Git\rjjxys\Picture\tiy_34q\extend\学科筛选框.png 图片
2025-03-31 09:37:10,796 rj_jxy INFO basepage.py [第50行] 点击学科筛选框: 点击 E:\Git\rjjxys\Picture\tiy_34q\extend\学科筛选框.png 图片
2025-03-31 09:37:10,796 rj_jxy INFO basepage.py [第23行] 选择体育与健康学科 : 查找：E:\Git\rjjxys\Picture\tiy_34q\extend\体育与健康.png 图片
2025-03-31 09:37:12,649 rj_jxy INFO basepage.py [第50行] 选择体育与健康学科: 点击 E:\Git\rjjxys\Picture\tiy_34q\extend\体育与健康.png 图片
2025-03-31 09:37:12,649 rj_jxy INFO basepage.py [第23行] 点击书本封面 : 查找：E:\Git\rjjxys\Picture\tiy_34q\extend\书本封面.png 图片
2025-03-31 09:37:14,889 rj_jxy INFO basepage.py [第50行] 点击书本封面: 点击 E:\Git\rjjxys\Picture\tiy_34q\extend\书本封面.png 图片
2025-03-31 09:37:14,889 rj_jxy INFO basepage.py [第23行] 点击拓展资源 : 查找：E:\Git\rjjxys\Picture\tiy_34q\extend\拓展资源.png 图片
2025-03-31 09:37:23,734 rj_jxy INFO basepage.py [第50行] 点击拓展资源: 点击 E:\Git\rjjxys\Picture\tiy_34q\extend\拓展资源.png 图片
2025-03-31 09:37:23,734 rj_jxy INFO basepage.py [第23行] 点击展开章节 : 查找：E:\Git\rjjxys\Picture\tiy_34q\extend\展开章节.png 图片
2025-03-31 09:37:27,727 rj_jxy INFO basepage.py [第50行] 点击展开章节: 点击 E:\Git\rjjxys\Picture\tiy_34q\extend\展开章节.png 图片
2025-03-31 09:37:27,727 rj_jxy INFO basepage.py [第23行] 点击资源封面 : 查找：E:\Git\rjjxys\Picture\tiy_34q\extend\资源封面.png 图片
2025-03-31 09:37:29,684 rj_jxy INFO basepage.py [第50行] 点击资源封面: 点击 E:\Git\rjjxys\Picture\tiy_34q\extend\资源封面.png 图片
2025-03-31 09:37:30,689 rj_jxy INFO basepage.py [第23行] 检查资源是否正常打开 : 查找：E:\Git\rjjxys\Picture\tiy_34q\extend\资源内容.png 图片
2025-03-31 09:37:31,016 rj_jxy INFO basepage.py [第86行] 对检查资源是否正常打开图片进行断言：结果为：True
2025-03-31 09:37:36,202 rj_jxy INFO basepage.py [第105行] 使用快捷键{ESC}成功
2025-03-31 09:37:36,202 rj_jxy INFO basepage.py [第23行] 点击暂停按钮 : 查找：E:\Git\rjjxys\Picture\tiy_34q\extend\暂停.png 图片
2025-03-31 09:37:38,080 rj_jxy INFO basepage.py [第50行] 点击暂停按钮: 点击 E:\Git\rjjxys\Picture\tiy_34q\extend\暂停.png 图片
2025-03-31 09:37:38,080 rj_jxy INFO basepage.py [第23行] 点击播放按钮 : 查找：E:\Git\rjjxys\Picture\tiy_34q\extend\播放.png 图片
2025-03-31 09:37:39,809 rj_jxy INFO basepage.py [第50行] 点击播放按钮: 点击 E:\Git\rjjxys\Picture\tiy_34q\extend\播放.png 图片
2025-03-31 09:37:39,809 rj_jxy INFO basepage.py [第23行] 点击倍速按钮 : 查找：E:\Git\rjjxys\Picture\tiy_34q\extend\倍速.png 图片
2025-03-31 09:37:41,700 rj_jxy INFO basepage.py [第50行] 点击倍速按钮: 点击 E:\Git\rjjxys\Picture\tiy_34q\extend\倍速.png 图片
2025-03-31 09:37:41,700 rj_jxy INFO basepage.py [第23行] 点击关闭音量按钮 : 查找：E:\Git\rjjxys\Picture\tiy_34q\extend\关闭音量.png 图片
2025-03-31 09:37:43,546 rj_jxy INFO basepage.py [第50行] 点击关闭音量按钮: 点击 E:\Git\rjjxys\Picture\tiy_34q\extend\关闭音量.png 图片
2025-03-31 09:37:43,546 rj_jxy INFO basepage.py [第23行] 点击2.0x按钮 : 查找：E:\Git\rjjxys\Picture\tiy_34q\extend\2.0x倍速.png 图片
2025-03-31 09:38:04,795 rj_jxy WARNING basepage.py [第52行] E:\Git\rjjxys\Picture\tiy_34q\extend\2.0x倍速.png 图片无法点击
2025-03-31 09:38:08,047 rj_jxy INFO basepage.py [第119行] 截取当前网页成功并存储在: E:\Git\rjjxys\Report\screenshots/点击2.0x按钮_2025-03-31 09_38_04.png
2025-03-31 09:38:10,809 rj_jxy INFO conftest.py [第35行] **********测试结束/关闭客户端**********
