2025-03-31 09:30:53,616 rj_jxy INFO conftest.py [第21行] **********开始连接/启动设备**********
2025-03-31 09:30:57,948 rj_jxy INFO conftest.py [第28行] **********连接/启动设备正常**********
2025-03-31 09:30:57,948 rj_jxy INFO basepage.py [第23行] 未勾选 : 查找：E:\Git\rjjxys\Picture\login\未勾选.png 图片
2025-03-31 09:31:01,664 rj_jxy INFO basepage.py [第36行] 未勾选页面：E:\Git\rjjxys\Picture\login\未勾选.png 图片存在
2025-03-31 09:31:01,665 rj_jxy INFO basepage.py [第23行] 点击登录 : 查找：E:\Git\rjjxys\Picture\login\登录.png 图片
2025-03-31 09:31:06,865 rj_jxy INFO basepage.py [第50行] 点击登录: 点击 E:\Git\rjjxys\Picture\login\登录.png 图片
2025-03-31 09:31:06,866 rj_jxy INFO basepage.py [第23行] 以后再说弹框存在 : 查找：E:\Git\rjjxys\Picture\login\以后再说.png 图片
2025-03-31 09:31:11,435 rj_jxy INFO basepage.py [第36行] 以后再说弹框存在页面：E:\Git\rjjxys\Picture\login\以后再说.png 图片存在
2025-03-31 09:31:11,438 rj_jxy INFO basepage.py [第23行] 点击学科筛选框 : 查找：E:\Git\rjjxys\Picture\tiy_34q\extend\学科筛选框.png 图片
2025-03-31 09:31:15,996 rj_jxy INFO basepage.py [第50行] 点击学科筛选框: 点击 E:\Git\rjjxys\Picture\tiy_34q\extend\学科筛选框.png 图片
2025-03-31 09:31:15,996 rj_jxy INFO basepage.py [第23行] 选择体育与健康学科 : 查找：E:\Git\rjjxys\Picture\tiy_34q\extend\体育与健康.png 图片
2025-03-31 09:31:17,963 rj_jxy INFO basepage.py [第50行] 选择体育与健康学科: 点击 E:\Git\rjjxys\Picture\tiy_34q\extend\体育与健康.png 图片
2025-03-31 09:31:17,963 rj_jxy INFO basepage.py [第23行] 点击书本封面 : 查找：E:\Git\rjjxys\Picture\tiy_34q\extend\书本封面.png 图片
2025-03-31 09:31:20,617 rj_jxy INFO basepage.py [第50行] 点击书本封面: 点击 E:\Git\rjjxys\Picture\tiy_34q\extend\书本封面.png 图片
2025-03-31 09:31:20,617 rj_jxy INFO basepage.py [第23行] 点击拓展资源 : 查找：E:\Git\rjjxys\Picture\tiy_34q\extend\拓展资源.png 图片
2025-03-31 09:31:30,030 rj_jxy INFO basepage.py [第50行] 点击拓展资源: 点击 E:\Git\rjjxys\Picture\tiy_34q\extend\拓展资源.png 图片
2025-03-31 09:31:30,030 rj_jxy INFO basepage.py [第23行] 点击展开章节 : 查找：E:\Git\rjjxys\Picture\tiy_34q\extend\展开章节.png 图片
2025-03-31 09:31:34,250 rj_jxy INFO basepage.py [第50行] 点击展开章节: 点击 E:\Git\rjjxys\Picture\tiy_34q\extend\展开章节.png 图片
2025-03-31 09:31:34,250 rj_jxy INFO basepage.py [第23行] 点击资源封面 : 查找：E:\Git\rjjxys\Picture\tiy_34q\extend\资源封面.png 图片
2025-03-31 09:31:36,208 rj_jxy INFO basepage.py [第50行] 点击资源封面: 点击 E:\Git\rjjxys\Picture\tiy_34q\extend\资源封面.png 图片
2025-03-31 09:31:37,216 rj_jxy INFO basepage.py [第23行] 检查资源是否正常打开 : 查找：E:\Git\rjjxys\Picture\tiy_34q\extend\资源内容.png 图片
2025-03-31 09:31:41,159 rj_jxy INFO basepage.py [第86行] 对检查资源是否正常打开图片进行断言：结果为：True
2025-03-31 09:31:46,334 rj_jxy INFO basepage.py [第105行] 使用快捷键{ESC}成功
2025-03-31 09:31:46,335 rj_jxy INFO basepage.py [第23行] 点击暂停按钮 : 查找：E:\Git\rjjxys\Picture\tiy_34q\extend\暂停.png 图片
2025-03-31 09:31:48,268 rj_jxy INFO basepage.py [第50行] 点击暂停按钮: 点击 E:\Git\rjjxys\Picture\tiy_34q\extend\暂停.png 图片
2025-03-31 09:31:48,268 rj_jxy INFO basepage.py [第23行] 点击播放按钮 : 查找：E:\Git\rjjxys\Picture\tiy_34q\extend\播放.png 图片
2025-03-31 09:31:49,986 rj_jxy INFO basepage.py [第50行] 点击播放按钮: 点击 E:\Git\rjjxys\Picture\tiy_34q\extend\播放.png 图片
2025-03-31 09:31:49,986 rj_jxy INFO basepage.py [第23行] 点击倍速按钮 : 查找：E:\Git\rjjxys\Picture\tiy_34q\extend\倍速.png 图片
2025-03-31 09:31:51,864 rj_jxy INFO basepage.py [第50行] 点击倍速按钮: 点击 E:\Git\rjjxys\Picture\tiy_34q\extend\倍速.png 图片
2025-03-31 09:31:51,865 rj_jxy INFO basepage.py [第23行] 点击2.0x按钮 : 查找：E:\Git\rjjxys\Picture\tiy_34q\extend\2.0x倍速.png 图片
2025-03-31 09:31:53,737 rj_jxy INFO basepage.py [第50行] 点击2.0x按钮: 点击 E:\Git\rjjxys\Picture\tiy_34q\extend\2.0x倍速.png 图片
2025-03-31 09:31:53,737 rj_jxy INFO basepage.py [第23行] 点击关闭音量按钮 : 查找：E:\Git\rjjxys\Picture\tiy_34q\extend\关闭音量.png 图片
2025-03-31 09:31:55,596 rj_jxy INFO basepage.py [第50行] 点击关闭音量按钮: 点击 E:\Git\rjjxys\Picture\tiy_34q\extend\关闭音量.png 图片
2025-03-31 09:31:55,596 rj_jxy INFO basepage.py [第23行] 点击恢复音量按钮 : 查找：E:\Git\rjjxys\Picture\tiy_34q\extend\恢复音量.png 图片
2025-03-31 09:32:09,176 rj_jxy INFO basepage.py [第50行] 点击恢复音量按钮: 点击 E:\Git\rjjxys\Picture\tiy_34q\extend\恢复音量.png 图片
2025-03-31 09:32:09,176 rj_jxy INFO basepage.py [第23行] 点击全屏按钮 : 查找：E:\Git\rjjxys\Picture\tiy_34q\extend\全屏.png 图片
2025-03-31 09:32:11,056 rj_jxy INFO basepage.py [第50行] 点击全屏按钮: 点击 E:\Git\rjjxys\Picture\tiy_34q\extend\全屏.png 图片
2025-03-31 09:32:11,246 rj_jxy INFO basepage.py [第105行] 使用快捷键{ESC}成功
2025-03-31 09:32:11,246 rj_jxy INFO basepage.py [第23行] 点击关闭资源 : 查找：E:\Git\rjjxys\Picture\tiy_34q\extend\关闭资源.png 图片
2025-03-31 09:32:13,099 rj_jxy INFO basepage.py [第50行] 点击关闭资源: 点击 E:\Git\rjjxys\Picture\tiy_34q\extend\关闭资源.png 图片
2025-03-31 09:32:13,099 rj_jxy INFO basepage.py [第23行]  : 查找：E:\Git\rjjxys\Picture\tiy_34q\extend\资源封面.png 图片
2025-03-31 09:32:13,522 rj_jxy INFO basepage.py [第36行] 页面：E:\Git\rjjxys\Picture\tiy_34q\extend\资源封面.png 图片存在
2025-03-31 09:32:13,642 rj_jxy INFO basepage.py [第23行] 点击下载 : 查找：E:\Git\rjjxys\Picture\tiy_34q\extend\下载.png 图片
2025-03-31 09:32:15,476 rj_jxy INFO basepage.py [第50行] 点击下载: 点击 E:\Git\rjjxys\Picture\tiy_34q\extend\下载.png 图片
2025-03-31 09:32:15,477 rj_jxy INFO basepage.py [第23行] 确定下载 : 查找：E:\Git\rjjxys\Picture\tiy_34q\extend\确定下载.png 图片
2025-03-31 09:32:17,579 rj_jxy INFO basepage.py [第50行] 确定下载: 点击 E:\Git\rjjxys\Picture\tiy_34q\extend\确定下载.png 图片
2025-03-31 09:32:17,579 rj_jxy INFO basepage.py [第23行]  : 查找：E:\Git\rjjxys\Picture\tiy_34q\extend\覆盖弹框.png 图片
2025-03-31 09:32:17,962 rj_jxy INFO basepage.py [第36行] 页面：E:\Git\rjjxys\Picture\tiy_34q\extend\覆盖弹框.png 图片存在
2025-03-31 09:32:17,962 rj_jxy INFO basepage.py [第23行] 点击取消下载 : 查找：E:\Git\rjjxys\Picture\tiy_34q\extend\取消下载.png 图片
2025-03-31 09:32:19,886 rj_jxy INFO basepage.py [第50行] 点击取消下载: 点击 E:\Git\rjjxys\Picture\tiy_34q\extend\取消下载.png 图片
2025-03-31 09:32:20,896 rj_jxy INFO basepage.py [第23行] 点击批量下载 : 查找：E:\Git\rjjxys\Picture\tiy_34q\extend\批量下载.png 图片
2025-03-31 09:32:22,832 rj_jxy INFO basepage.py [第50行] 点击批量下载: 点击 E:\Git\rjjxys\Picture\tiy_34q\extend\批量下载.png 图片
2025-03-31 09:32:22,832 rj_jxy INFO basepage.py [第23行] 选择单个下载 : 查找：E:\Git\rjjxys\Picture\tiy_34q\extend\批量单个下载.png 图片
2025-03-31 09:32:24,791 rj_jxy INFO basepage.py [第50行] 选择单个下载: 点击 E:\Git\rjjxys\Picture\tiy_34q\extend\批量单个下载.png 图片
2025-03-31 09:32:24,791 rj_jxy INFO basepage.py [第23行] 点击下载 : 查找：E:\Git\rjjxys\Picture\tiy_34q\extend\点击下载.png 图片
2025-03-31 09:32:26,529 rj_jxy INFO basepage.py [第50行] 点击下载: 点击 E:\Git\rjjxys\Picture\tiy_34q\extend\点击下载.png 图片
2025-03-31 09:32:26,529 rj_jxy INFO basepage.py [第23行] 确定下载 : 查找：E:\Git\rjjxys\Picture\tiy_34q\extend\确定下载.png 图片
2025-03-31 09:32:28,453 rj_jxy INFO basepage.py [第50行] 确定下载: 点击 E:\Git\rjjxys\Picture\tiy_34q\extend\确定下载.png 图片
2025-03-31 09:32:29,464 rj_jxy INFO basepage.py [第23行]  : 查找：E:\Git\rjjxys\Picture\tiy_34q\extend\资源已存在.png 图片
2025-03-31 09:32:33,843 rj_jxy INFO basepage.py [第36行] 页面：E:\Git\rjjxys\Picture\tiy_34q\extend\资源已存在.png 图片存在
2025-03-31 09:32:35,855 rj_jxy INFO basepage.py [第23行] 点击批量下载 : 查找：E:\Git\rjjxys\Picture\tiy_34q\extend\批量下载.png 图片
2025-03-31 09:32:37,795 rj_jxy INFO basepage.py [第50行] 点击批量下载: 点击 E:\Git\rjjxys\Picture\tiy_34q\extend\批量下载.png 图片
2025-03-31 09:32:37,795 rj_jxy INFO basepage.py [第23行] 点击全选 : 查找：E:\Git\rjjxys\Picture\tiy_34q\extend\全选.png 图片
2025-03-31 09:32:39,657 rj_jxy INFO basepage.py [第50行] 点击全选: 点击 E:\Git\rjjxys\Picture\tiy_34q\extend\全选.png 图片
2025-03-31 09:32:39,658 rj_jxy INFO basepage.py [第23行] 点击下载 : 查找：E:\Git\rjjxys\Picture\tiy_34q\extend\点击下载.png 图片
2025-03-31 09:32:41,390 rj_jxy INFO basepage.py [第50行] 点击下载: 点击 E:\Git\rjjxys\Picture\tiy_34q\extend\点击下载.png 图片
2025-03-31 09:32:41,390 rj_jxy INFO basepage.py [第23行] 确定下载 : 查找：E:\Git\rjjxys\Picture\tiy_34q\extend\确定下载.png 图片
2025-03-31 09:32:43,324 rj_jxy INFO basepage.py [第50行] 确定下载: 点击 E:\Git\rjjxys\Picture\tiy_34q\extend\确定下载.png 图片
2025-03-31 09:32:43,324 rj_jxy INFO basepage.py [第23行]  : 查找：E:\Git\rjjxys\Picture\tiy_34q\extend\资源已存在.png 图片
2025-03-31 09:32:43,715 rj_jxy INFO basepage.py [第36行] 页面：E:\Git\rjjxys\Picture\tiy_34q\extend\资源已存在.png 图片存在
2025-03-31 09:32:43,715 rj_jxy INFO basepage.py [第23行] 点击批量确定下载 : 查找：E:\Git\rjjxys\Picture\tiy_34q\extend\批量确定.png 图片
2025-03-31 09:32:45,680 rj_jxy INFO basepage.py [第50行] 点击批量确定下载: 点击 E:\Git\rjjxys\Picture\tiy_34q\extend\批量确定.png 图片
2025-03-31 09:32:47,818 rj_jxy INFO conftest.py [第35行] **********测试结束/关闭客户端**********
